<?xml version="1.0" encoding="UTF-8"?>
<testsuite xmlns:xsi="http://www.w3.org/2001/XMLSchema-instance" xsi:noNamespaceSchemaLocation="https://maven.apache.org/surefire/maven-failsafe-plugin/xsd/failsafe-test-report-3.0.xsd" version="3.0" name="com.assignment.junit.AssignmentFour" time="4.924" tests="2" errors="1" skipped="0" failures="0">
  <properties>
[...]
</properties>
  <testcase name="autherizeUserFail" classname="com.assignment.junit.AssignmentFour" time="2.208">
    <error message="Expected response body to be verified as JSON, HTML or XML but no content-type was defined in the response.&#10;Try registering a default parser using:&#10;   RestAssured.defaultParser(&lt;parser type&gt;);&#10;Content was:&#10;&#10;" type="java.lang.IllegalStateException"><![CDATA[java.lang.IllegalStateException: 
Expected response body to be verified as JSON, HTML or XML but no content-type was defined in the response.
Try registering a default parser using:
   RestAssured.defaultParser(<parser type>);
Content was:


	at com.assignment.junit.AssignmentFour.autherizeUserFail(AssignmentFour.java:60)
]]></error>
    <system-out><![CDATA[23:29:32.233 [main] DEBUG n.t.c.u.PropertiesFileLocalPreferences - LOADING LOCAL PROPERTIES FROM C:\Automation\APiAutomation\Assignment_Final\SerenityBDD_Assignment\serenity.properties 
23:29:32.289 [main] DEBUG n.t.c.u.PropertiesFileLocalPreferences - LOADING LOCAL PROPERTIES FROM C:\Automation\APiAutomation\Assignment_Final\SerenityBDD_Assignment\serenity.properties 
23:29:32.289 [main] DEBUG n.t.c.u.PropertiesFileLocalPreferences - LOADING LOCAL PROPERTIES FROM C:\Automation\APiAutomation\Assignment_Final\SerenityBDD_Assignment\serenity.properties 
23:29:32.296 [main] DEBUG n.t.c.u.PropertiesFileLocalPreferences - serenity.compromised.on=java.io.FileNotFoundException
23:29:32.297 [main] DEBUG n.t.c.u.PropertiesFileLocalPreferences - serenity.project.name=StudentApp
23:29:32.302 [main] DEBUG n.t.c.u.PropertiesFileLocalPreferences - LOADING LOCAL PROPERTIES FROM C:\Automation\APiAutomation\Assignment_Final\SerenityBDD_Assignment\serenity.properties 
23:29:32.311 [main] DEBUG n.t.c.u.PropertiesFileLocalPreferences - LOADING LOCAL PROPERTIES FROM C:\Automation\APiAutomation\Assignment_Final\SerenityBDD_Assignment\serenity.properties 
23:29:32.311 [main] DEBUG n.t.c.u.PropertiesFileLocalPreferences - LOADING LOCAL PROPERTIES FROM C:\Automation\APiAutomation\Assignment_Final\SerenityBDD_Assignment\serenity.properties 
23:29:32.312 [main] DEBUG n.t.c.u.PropertiesFileLocalPreferences - serenity.compromised.on=java.io.FileNotFoundException
23:29:32.312 [main] DEBUG n.t.c.u.PropertiesFileLocalPreferences - serenity.project.name=StudentApp
23:29:32.548 [main] INFO   - 

-------------------------------------------------------------------------------------
     _______. _______ .______       _______ .__   __.  __  .___________.____    ____ 
    /       ||   ____||   _  \     |   ____||  \ |  | |  | |           |\   \  /   / 
   |   (----`|  |__   |  |_)  |    |  |__   |   \|  | |  | `---|  |----` \   \/   /  
    \   \    |   __|  |      /     |   __|  |  . `  | |  |     |  |       \_    _/   
.----)   |   |  |____ |  |\  \----.|  |____ |  |\   | |  |     |  |         |  |     
|_______/    |_______|| _| `._____||_______||__| \__| |__|     |__|         |__|    
                                                                                     
 News and tutorials at http://www.serenity-bdd.info                                  
 Documentation at https://wakaleo.gitbooks.io/the-serenity-book/content/             
 Join the Serenity Community on Gitter: https://gitter.im/serenity-bdd/serenity-core 
 Serenity BDD Support and Training at http://serenity-bdd.info/#/trainingandsupport  
-------------------------------------------------------------------------------------

23:29:32.840 [main] DEBUG n.thucydides.core.steps.StepEventBus - Test suite started for class com.assignment.junit.AssignmentFour
23:29:32.851 [main] INFO   - Test Suite Started: Assignment four
23:29:32.881 [main] INFO   - 
 _____ _____ ____ _____   ____ _____  _    ____ _____ _____ ____  
|_   _| ____/ ___|_   _| / ___|_   _|/ \  |  _ \_   _| ____|  _ \ 
  | | |  _| \___ \ | |   \___ \ | | / _ \ | |_) || | |  _| | | | |
  | | | |___ ___) || |    ___) || |/ ___ \|  _ < | | | |___| |_| |
  |_| |_____|____/ |_|   |____/ |_/_/   \_\_| \_\|_| |_____|____/ 

autherizeUserFail
-------------------------------------------------------------------
23:29:34.775 [main] DEBUG o.a.h.i.c.BasicClientConnectionManager - Get connection for route {}->http://localhost:8080
23:29:34.786 [main] DEBUG o.a.h.i.c.DefaultClientConnectionOperator - Connecting to localhost:8080
23:29:34.799 [main] DEBUG o.a.h.c.protocol.RequestAddCookies - CookieSpec selected: ignoreCookies
23:29:34.800 [main] DEBUG o.a.h.c.protocol.RequestAuthCache - Auth cache not set in the context
23:29:34.800 [main] DEBUG o.a.h.c.p.RequestProxyAuthentication - Proxy auth state: UNCHALLENGED
23:29:34.800 [main] DEBUG o.a.h.impl.client.DefaultHttpClient - Attempt 1 to execute request
23:29:34.800 [main] DEBUG o.a.h.i.conn.DefaultClientConnection - Sending request: POST /secured/hello HTTP/1.1
23:29:34.800 [main] DEBUG org.apache.http.wire -  >> "POST /secured/hello HTTP/1.1[\r][\n]"
23:29:34.801 [main] DEBUG org.apache.http.wire -  >> "Authorization: Basic YWRtaW46cGFzc3dvcmQxMjM=[\r][\n]"
23:29:34.801 [main] DEBUG org.apache.http.wire -  >> "Accept: */*[\r][\n]"
23:29:34.801 [main] DEBUG org.apache.http.wire -  >> "Content-Type: application/json; charset=UTF-8[\r][\n]"
23:29:34.801 [main] DEBUG org.apache.http.wire -  >> "Content-Length: 19[\r][\n]"
23:29:34.801 [main] DEBUG org.apache.http.wire -  >> "Host: localhost:8080[\r][\n]"
23:29:34.801 [main] DEBUG org.apache.http.wire -  >> "Connection: Keep-Alive[\r][\n]"
23:29:34.801 [main] DEBUG org.apache.http.wire -  >> "User-Agent: Apache-HttpClient/4.5.5 (Java/1.8.0_261)[\r][\n]"
23:29:34.801 [main] DEBUG org.apache.http.wire -  >> "Accept-Encoding: gzip,deflate[\r][\n]"
23:29:34.801 [main] DEBUG org.apache.http.wire -  >> "[\r][\n]"
23:29:34.801 [main] DEBUG org.apache.http.headers - >> POST /secured/hello HTTP/1.1
23:29:34.801 [main] DEBUG org.apache.http.headers - >> Authorization: Basic YWRtaW46cGFzc3dvcmQxMjM=
23:29:34.801 [main] DEBUG org.apache.http.headers - >> Accept: */*
23:29:34.801 [main] DEBUG org.apache.http.headers - >> Content-Type: application/json; charset=UTF-8
23:29:34.801 [main] DEBUG org.apache.http.headers - >> Content-Length: 19
23:29:34.801 [main] DEBUG org.apache.http.headers - >> Host: localhost:8080
23:29:34.801 [main] DEBUG org.apache.http.headers - >> Connection: Keep-Alive
23:29:34.801 [main] DEBUG org.apache.http.headers - >> User-Agent: Apache-HttpClient/4.5.5 (Java/1.8.0_261)
23:29:34.802 [main] DEBUG org.apache.http.headers - >> Accept-Encoding: gzip,deflate
23:29:34.802 [main] DEBUG org.apache.http.wire -  >> "{[\n]"
23:29:34.802 [main] DEBUG org.apache.http.wire -  >> "  "name": "Foo"[\n]"
23:29:34.802 [main] DEBUG org.apache.http.wire -  >> "}"
23:29:34.882 [main] DEBUG org.apache.http.wire -  << "HTTP/1.1 401 [\r][\n]"
23:29:34.883 [main] DEBUG org.apache.http.wire -  << "WWW-Authenticate: Basic realm="Realm"[\r][\n]"
23:29:34.883 [main] DEBUG org.apache.http.wire -  << "X-Content-Type-Options: nosniff[\r][\n]"
23:29:34.883 [main] DEBUG org.apache.http.wire -  << "X-XSS-Protection: 1; mode=block[\r][\n]"
23:29:34.883 [main] DEBUG org.apache.http.wire -  << "Cache-Control: no-cache, no-store, max-age=0, must-revalidate[\r][\n]"
23:29:34.883 [main] DEBUG org.apache.http.wire -  << "Pragma: no-cache[\r][\n]"
23:29:34.883 [main] DEBUG org.apache.http.wire -  << "Expires: 0[\r][\n]"
23:29:34.884 [main] DEBUG org.apache.http.wire -  << "X-Frame-Options: DENY[\r][\n]"
23:29:34.884 [main] DEBUG org.apache.http.wire -  << "Set-Cookie: JSESSIONID=DD9E370FEDA8563544F4AC8AAFD4C2F5; Path=/; HttpOnly[\r][\n]"
23:29:34.884 [main] DEBUG org.apache.http.wire -  << "WWW-Authenticate: Basic realm="Realm"[\r][\n]"
23:29:34.884 [main] DEBUG org.apache.http.wire -  << "Content-Length: 0[\r][\n]"
23:29:34.884 [main] DEBUG org.apache.http.wire -  << "Date: Wed, 28 Oct 2020 04:29:34 GMT[\r][\n]"
23:29:34.884 [main] DEBUG org.apache.http.wire -  << "Keep-Alive: timeout=60[\r][\n]"
23:29:34.884 [main] DEBUG org.apache.http.wire -  << "Connection: keep-alive[\r][\n]"
23:29:34.884 [main] DEBUG org.apache.http.wire -  << "[\r][\n]"
23:29:34.884 [main] DEBUG o.a.h.i.conn.DefaultClientConnection - Receiving response: HTTP/1.1 401 
23:29:34.884 [main] DEBUG org.apache.http.headers - << HTTP/1.1 401 
23:29:34.884 [main] DEBUG org.apache.http.headers - << WWW-Authenticate: Basic realm="Realm"
23:29:34.884 [main] DEBUG org.apache.http.headers - << X-Content-Type-Options: nosniff
23:29:34.884 [main] DEBUG org.apache.http.headers - << X-XSS-Protection: 1; mode=block
23:29:34.884 [main] DEBUG org.apache.http.headers - << Cache-Control: no-cache, no-store, max-age=0, must-revalidate
23:29:34.884 [main] DEBUG org.apache.http.headers - << Pragma: no-cache
23:29:34.884 [main] DEBUG org.apache.http.headers - << Expires: 0
23:29:34.884 [main] DEBUG org.apache.http.headers - << X-Frame-Options: DENY
23:29:34.884 [main] DEBUG org.apache.http.headers - << Set-Cookie: JSESSIONID=DD9E370FEDA8563544F4AC8AAFD4C2F5; Path=/; HttpOnly
23:29:34.885 [main] DEBUG org.apache.http.headers - << WWW-Authenticate: Basic realm="Realm"
23:29:34.885 [main] DEBUG org.apache.http.headers - << Content-Length: 0
23:29:34.885 [main] DEBUG org.apache.http.headers - << Date: Wed, 28 Oct 2020 04:29:34 GMT
23:29:34.885 [main] DEBUG org.apache.http.headers - << Keep-Alive: timeout=60
23:29:34.885 [main] DEBUG org.apache.http.headers - << Connection: keep-alive
23:29:34.888 [main] DEBUG o.a.h.impl.client.DefaultHttpClient - Connection can be kept alive for 60000 MILLISECONDS
23:29:34.888 [main] DEBUG o.a.h.impl.client.DefaultHttpClient - Authentication required
23:29:34.888 [main] DEBUG o.a.h.impl.client.DefaultHttpClient - localhost:8080 requested authentication
23:29:34.888 [main] DEBUG o.a.h.i.c.TargetAuthenticationStrategy - Authentication schemes in the order of preference: [Negotiate, Kerberos, NTLM, CredSSP, Digest, Basic]
23:29:34.889 [main] DEBUG o.a.h.i.c.TargetAuthenticationStrategy - Challenge for Negotiate authentication scheme not available
23:29:34.889 [main] DEBUG o.a.h.i.c.TargetAuthenticationStrategy - Challenge for Kerberos authentication scheme not available
23:29:34.889 [main] DEBUG o.a.h.i.c.TargetAuthenticationStrategy - Challenge for NTLM authentication scheme not available
23:29:34.889 [main] DEBUG o.a.h.i.c.TargetAuthenticationStrategy - Challenge for CredSSP authentication scheme not available
23:29:34.889 [main] DEBUG o.a.h.i.c.TargetAuthenticationStrategy - Challenge for Digest authentication scheme not available
]]></system-out>
  </testcase>
  <testcase name="autherizeUserSucess" classname="com.assignment.junit.AssignmentFour" time="0.531">
    <system-out><![CDATA[23:29:35.077 [main] ERROR  - 
         __  _____ _____ ____ _____   _____ ____  ____   ___  ____  
 _      / / |_   _| ____/ ___|_   _| | ____|  _ \|  _ \ / _ \|  _ \ 
(_)____| |    | | |  _| \___ \ | |   |  _| | |_) | |_) | | | | |_) |
 |_____| |    | | | |___ ___) || |   | |___|  _ <|  _ <| |_| |  _ < 
(_)    | |    |_| |_____|____/ |_|   |_____|_| \_\_| \_\\___/|_| \_\
        \_\                                                         

Autherize user fail
---------------------------------------------------------------------
23:29:35.080 [main] DEBUG  - RELATED ISSUES: 
23:29:35.080 [main] ERROR  -     Expected response body to be verified as JSON, HTML or XML but no content-type was defined in the response.Try registering a default parser using:   RestAssured.defaultParser(<parser type>);Content was:
23:29:35.084 [main] INFO   - 
 _____ _____ ____ _____   ____ _____  _    ____ _____ _____ ____  
|_   _| ____/ ___|_   _| / ___|_   _|/ \  |  _ \_   _| ____|  _ \ 
  | | |  _| \___ \ | |   \___ \ | | / _ \ | |_) || | |  _| | | | |
  | | | |___ ___) || |    ___) || |/ ___ \|  _ < | | | |___| |_| |
  |_| |_____|____/ |_|   |____/ |_/_/   \_\_| \_\|_| |_____|____/ 

autherizeUserSucess
-------------------------------------------------------------------
23:29:35.098 [main] DEBUG o.a.h.i.c.BasicClientConnectionManager - Get connection for route {}->http://localhost:8080
23:29:35.098 [main] DEBUG o.a.h.i.c.DefaultClientConnectionOperator - Connecting to localhost:8080
23:29:35.099 [main] DEBUG o.a.h.c.protocol.RequestAddCookies - CookieSpec selected: ignoreCookies
23:29:35.099 [main] DEBUG o.a.h.c.protocol.RequestAuthCache - Auth cache not set in the context
23:29:35.099 [main] DEBUG o.a.h.c.p.RequestProxyAuthentication - Proxy auth state: UNCHALLENGED
23:29:35.099 [main] DEBUG o.a.h.impl.client.DefaultHttpClient - Attempt 1 to execute request
23:29:35.099 [main] DEBUG o.a.h.i.conn.DefaultClientConnection - Sending request: POST /secured/hello HTTP/1.1
23:29:35.099 [main] DEBUG org.apache.http.wire -  >> "POST /secured/hello HTTP/1.1[\r][\n]"
23:29:35.099 [main] DEBUG org.apache.http.wire -  >> "Authorization: Basic YWRtaW46cGFzc3dvcmQ=[\r][\n]"
23:29:35.099 [main] DEBUG org.apache.http.wire -  >> "Accept: */*[\r][\n]"
23:29:35.099 [main] DEBUG org.apache.http.wire -  >> "Content-Type: application/json; charset=UTF-8[\r][\n]"
23:29:35.099 [main] DEBUG org.apache.http.wire -  >> "Content-Length: 19[\r][\n]"
23:29:35.099 [main] DEBUG org.apache.http.wire -  >> "Host: localhost:8080[\r][\n]"
23:29:35.099 [main] DEBUG org.apache.http.wire -  >> "Connection: Keep-Alive[\r][\n]"
23:29:35.099 [main] DEBUG org.apache.http.wire -  >> "User-Agent: Apache-HttpClient/4.5.5 (Java/1.8.0_261)[\r][\n]"
23:29:35.099 [main] DEBUG org.apache.http.wire -  >> "Accept-Encoding: gzip,deflate[\r][\n]"
23:29:35.099 [main] DEBUG org.apache.http.wire -  >> "[\r][\n]"
23:29:35.099 [main] DEBUG org.apache.http.headers - >> POST /secured/hello HTTP/1.1
23:29:35.099 [main] DEBUG org.apache.http.headers - >> Authorization: Basic YWRtaW46cGFzc3dvcmQ=
23:29:35.099 [main] DEBUG org.apache.http.headers - >> Accept: */*
23:29:35.099 [main] DEBUG org.apache.http.headers - >> Content-Type: application/json; charset=UTF-8
23:29:35.100 [main] DEBUG org.apache.http.headers - >> Content-Length: 19
23:29:35.100 [main] DEBUG org.apache.http.headers - >> Host: localhost:8080
23:29:35.100 [main] DEBUG org.apache.http.headers - >> Connection: Keep-Alive
23:29:35.100 [main] DEBUG org.apache.http.headers - >> User-Agent: Apache-HttpClient/4.5.5 (Java/1.8.0_261)
23:29:35.100 [main] DEBUG org.apache.http.headers - >> Accept-Encoding: gzip,deflate
23:29:35.100 [main] DEBUG org.apache.http.wire -  >> "{[\n]"
23:29:35.100 [main] DEBUG org.apache.http.wire -  >> "  "name": "Foo"[\n]"
23:29:35.100 [main] DEBUG org.apache.http.wire -  >> "}"
23:29:35.181 [main] DEBUG org.apache.http.wire -  << "HTTP/1.1 200 [\r][\n]"
23:29:35.181 [main] DEBUG org.apache.http.wire -  << "Set-Cookie: JSESSIONID=6B044BB352B59ADA9A0A7E9CD25D48ED; Path=/; HttpOnly[\r][\n]"
23:29:35.181 [main] DEBUG org.apache.http.wire -  << "X-Content-Type-Options: nosniff[\r][\n]"
23:29:35.181 [main] DEBUG org.apache.http.wire -  << "X-XSS-Protection: 1; mode=block[\r][\n]"
23:29:35.181 [main] DEBUG org.apache.http.wire -  << "Cache-Control: no-cache, no-store, max-age=0, must-revalidate[\r][\n]"
23:29:35.181 [main] DEBUG org.apache.http.wire -  << "Pragma: no-cache[\r][\n]"
23:29:35.181 [main] DEBUG org.apache.http.wire -  << "Expires: 0[\r][\n]"
23:29:35.181 [main] DEBUG org.apache.http.wire -  << "X-Frame-Options: DENY[\r][\n]"
23:29:35.181 [main] DEBUG org.apache.http.wire -  << "Content-Type: application/json[\r][\n]"
23:29:35.181 [main] DEBUG org.apache.http.wire -  << "Transfer-Encoding: chunked[\r][\n]"
23:29:35.181 [main] DEBUG org.apache.http.wire -  << "Date: Wed, 28 Oct 2020 04:29:34 GMT[\r][\n]"
23:29:35.181 [main] DEBUG org.apache.http.wire -  << "Keep-Alive: timeout=60[\r][\n]"
23:29:35.181 [main] DEBUG org.apache.http.wire -  << "Connection: keep-alive[\r][\n]"
23:29:35.181 [main] DEBUG org.apache.http.wire -  << "[\r][\n]"
23:29:35.181 [main] DEBUG o.a.h.i.conn.DefaultClientConnection - Receiving response: HTTP/1.1 200 
23:29:35.182 [main] DEBUG org.apache.http.headers - << HTTP/1.1 200 
23:29:35.182 [main] DEBUG org.apache.http.headers - << Set-Cookie: JSESSIONID=6B044BB352B59ADA9A0A7E9CD25D48ED; Path=/; HttpOnly
23:29:35.182 [main] DEBUG org.apache.http.headers - << X-Content-Type-Options: nosniff
23:29:35.182 [main] DEBUG org.apache.http.headers - << X-XSS-Protection: 1; mode=block
23:29:35.182 [main] DEBUG org.apache.http.headers - << Cache-Control: no-cache, no-store, max-age=0, must-revalidate
23:29:35.182 [main] DEBUG org.apache.http.headers - << Pragma: no-cache
23:29:35.182 [main] DEBUG org.apache.http.headers - << Expires: 0
23:29:35.182 [main] DEBUG org.apache.http.headers - << X-Frame-Options: DENY
23:29:35.182 [main] DEBUG org.apache.http.headers - << Content-Type: application/json
23:29:35.182 [main] DEBUG org.apache.http.headers - << Transfer-Encoding: chunked
23:29:35.182 [main] DEBUG org.apache.http.headers - << Date: Wed, 28 Oct 2020 04:29:34 GMT
23:29:35.182 [main] DEBUG org.apache.http.headers - << Keep-Alive: timeout=60
23:29:35.182 [main] DEBUG org.apache.http.headers - << Connection: keep-alive
23:29:35.183 [main] DEBUG o.a.h.impl.client.DefaultHttpClient - Connection can be kept alive for 60000 MILLISECONDS
23:29:35.183 [main] DEBUG i.r.i.RequestSpecificationImpl$RestAssuredHttpBuilder - Parsing response as: application/json
23:29:35.183 [main] DEBUG i.r.i.RequestSpecificationImpl$RestAssuredHttpBuilder - Parsed data to instance of: class org.apache.http.conn.EofSensorInputStream
23:29:35.188 [main] DEBUG org.apache.http.wire -  << "23[\r][\n]"
23:29:35.188 [main] DEBUG org.apache.http.wire -  << "{"success":true,"data":"hello Foo"}"
23:29:35.188 [main] DEBUG org.apache.http.wire -  << "[\r][\n]"
23:29:35.188 [main] DEBUG org.apache.http.wire -  << "0[\r][\n]"
23:29:35.188 [main] DEBUG org.apache.http.wire -  << "[\r][\n]"
23:29:35.188 [main] DEBUG o.a.h.i.c.BasicClientConnectionManager - Releasing connection org.apache.http.impl.conn.ManagedClientConnectionImpl@b166a1
23:29:35.188 [main] DEBUG o.a.h.i.c.BasicClientConnectionManager - Connection can be kept alive for 60000 MILLISECONDS
]]></system-out>
  </testcase>
</testsuite>